[2015-02-26 10:21:43] START
[2015-02-26 10:28:10] EDIT ProjConnect/views/layout.html: 4
[2015-02-26 10:30:01] EDIT ProjConnect/views/layout.html: 0
[2015-02-26 10:31:51] EDIT ProjConnect/views/layout.html: -438
[2015-02-26 10:43:20] EDIT ProjConnect/views/default/view.html: 111
[2015-02-26 16:33:51] EDIT ProjConnect/views/layout.html: -3
[2015-02-26 16:35:17] EDIT ProjConnect/views/default/index.html: 0
[2015-02-26 16:52:32] EDIT ProjConnect/views/default/view.html: 0
[2015-02-26 16:53:57] EDIT ProjConnect/views/default/view.html: 0
[2015-02-26 17:05:13] EDIT ProjConnect/views/default/view.html: 0
[2015-02-26 17:09:22] EDIT ProjConnect/views/default/view.html: -1
[2015-02-27 01:28:54] CREATE plugin_rating_widget.py: 0
[2015-02-27 01:31:18] EDIT Project2/controllers/plugin_rating_widget.py: 12
[2015-02-27 01:31:49] CREATE plugin_rating_widget.py: 0
[2015-02-27 01:32:17] EDIT Project2/modules/plugin_rating_widget.py: 41
[2015-02-27 01:33:59] EDIT Project2/models/tables.py: 6
[2015-02-27 01:34:07] EDIT Project2/controllers/plugin_rating_widget.py: 0
[2015-02-27 01:35:01] EDIT Project2/controllers/default.py: 4
[2015-02-27 01:36:35] EDIT Project2/views/default/index.html: 3
[2015-02-27 01:38:49] EDIT Project2/views/default/events.html: 2
[2015-02-27 01:39:20] EDIT Project2/views/default/events.html: -2
[2015-02-27 01:39:34] EDIT Project2/views/default/index.html: 0
[2015-02-27 09:30:35] EDIT Project2/models/tables.py: 1
[2015-02-27 09:31:59] EDIT Project2/controllers/plugin_rating_widget.py: 1
[2015-02-27 09:35:14] EDIT Project2/controllers/plugin_rating_widget.py: 13
[2015-02-27 09:36:12] EDIT Project2/models/tables.py: 0
[2015-02-27 09:47:32] EDIT Project2/views/default/events.html: 1
[2015-02-27 09:48:34] EDIT Project2/controllers/default.py: 31
[2015-02-27 10:10:57] EDIT Project2/models/tables.py: 2
[2015-02-27 10:15:48] EDIT Project2/controllers/default.py: 1
[2015-02-27 10:16:17] EDIT Project2/controllers/default.py: 0
[2015-02-27 10:16:19] EDIT Project2/controllers/default.py: 0
[2015-02-27 10:16:21] EDIT Project2/controllers/default.py: 0
[2015-02-27 10:16:32] EDIT Project2/controllers/default.py: -1
[2015-02-27 10:16:40] EDIT Project2/controllers/default.py: 0
[2015-02-27 10:17:21] EDIT Project2/controllers/default.py: -5
[2015-02-27 10:18:17] EDIT Project2/controllers/default.py: -1
[2015-02-27 10:18:40] EDIT Project2/controllers/default.py: 0
[2015-02-27 10:20:03] EDIT Project2/controllers/default.py: 0
[2015-02-27 10:26:01] EDIT Project2/controllers/default.py: 1
[2015-02-27 10:26:46] EDIT Project2/models/tables.py: 0
[2015-02-27 10:26:52] EDIT Project2/models/tables.py: 0
[2015-02-27 10:30:10] EDIT Project2/models/tables.py: 6
[2015-02-27 10:30:57] EDIT Project2/models/tables.py: -1
[2015-02-27 10:31:51] EDIT Project2/models/tables.py: 1
[2015-02-27 10:33:38] EDIT Project2/models/tables.py: 1
[2015-02-27 10:45:41] EDIT Project2/controllers/default.py: 1
[2015-02-27 10:47:37] EDIT Project2/controllers/default.py: 0
[2015-02-27 10:48:13] EDIT Project2/controllers/default.py: 0
[2015-02-27 11:04:00] EDIT Project2/models/tables.py: -1
[2015-02-27 11:04:03] EDIT Project2/modules/plugin_rating_widget.py: 0
[2015-02-27 11:04:05] EDIT Project2/controllers/default.py: 8
[2015-02-27 11:05:58] EDIT Project2/controllers/default.py: -7
[2015-02-27 11:07:06] EDIT Project2/views/default/profile.html: 0
[2015-02-27 11:07:08] EDIT Project2/views/default/history.html: 0
[2015-02-27 11:07:10] EDIT Project2/views/default/view.html: 0
[2015-03-03 16:58:13] EDIT Project2/controllers/plugin_rating_widget.py: 16
[2015-03-13 01:19:36] EDIT Final/models/tables.py: 2
[2015-03-13 01:46:29] EDIT Final/views/default/mycal.html: 582
[2015-03-13 01:52:45] CREATE default/create.html: 0
[2015-03-13 01:53:51] EDIT Final/views/default/create.html: -1
[2015-03-13 09:15:14] CREATE css/css_family_Oxygen_400_700.bak: 0
[2015-03-13 09:15:42] EDIT Final/static/css/css_family_Oxygen_400_700.bak: 32
[2015-03-13 09:17:46] DELETE Final/static/css/css_family_Oxygen_400_700.bak.bak: 0
[2015-03-13 09:18:08] CREATE css/gcal.js.bak: 0
[2015-03-13 09:18:31] EDIT Final/static/css/gcal.js.bak: 90
[2015-03-13 09:18:51] EDIT Final/static/css/gcal.js.bak: 0
[2015-03-13 09:19:34] CREATE js/gcal.js: 0
[2015-03-13 09:20:07] EDIT Final/static/js/gcal.js: 90
[2015-03-13 09:20:13] EDIT Final/static/js/gcal.js: 0
[2015-03-13 09:22:56] CREATE js/mycal.js: 0
[2015-03-13 09:23:40] EDIT Final/static/js/mycal.js: 4685
[2015-03-13 09:28:02] EDIT Final/static/js/mycal.js.bak: 4685
[2015-03-13 09:28:09] EDIT Final/static/js/mycal.js.bak: 0
[2015-03-13 09:28:47] CREATE js/jquery.browser.min.js: 0
[2015-03-13 09:29:33] EDIT Final/static/js/jquery.browser.min.js: 14
[2015-03-13 09:30:04] CREATE js/mycal.min.js: 0
[2015-03-13 09:30:30] EDIT Final/static/js/mycal.min.js: 7
[2015-03-13 09:31:03] CREATE js/rollbar.min.js: 0
[2015-03-13 09:31:29] EDIT Final/static/js/rollbar.min.js: 1
[2015-03-13 09:31:33] EDIT Final/static/js/rollbar.min.js: 0
[2015-03-13 09:32:33] CREATE lib/mycal.css.bak: 0
[2015-03-13 09:33:22] EDIT Final/static/lib/mycal.css.bak: 445
[2015-03-13 09:34:08] DELETE Final/static/lib/mycal.css.bak: -445
[2015-03-13 09:34:17] DELETE Final/static/lib/mycal.css.bak.bak: 0
[2015-03-13 09:35:09] CREATE lib/jquery.min.js: 0
[2015-03-13 09:35:41] EDIT Final/static/lib/jquery.min.js: 5
[2015-03-13 09:38:08] CREATE js/mixpanel-2.2.min.js: 0
[2015-03-13 09:38:29] DELETE Final/static/js/mixpanel-2.2.min.js: 0
[2015-03-13 09:38:53] CREATE lib/mixpanel-2.2.min.js: 0
[2015-03-13 09:39:14] EDIT Final/static/lib/mixpanel-2.2.min.js: 94
[2015-03-13 09:39:32] EDIT Final/static/lib/mixpanel-2.2.min.js: 0
[2015-03-13 09:39:49] EDIT Final/static/lib/mixpanel-2.2.min.js: 0
[2015-03-13 09:42:12] CREATE lib/moment.min.js: 0
[2015-03-13 09:42:40] EDIT Final/static/lib/moment.min.js: 7
[2015-03-13 09:45:17] CREATE primus/rollbar.min.js.bak: 0
[2015-03-13 09:45:37] EDIT Final/static/primus/rollbar.min.js.bak: 1
[2015-03-13 09:46:12] CREATE static/style.css.bak: 0
[2015-03-13 09:46:33] EDIT Final/static/static/style.css.bak: 30
[2015-03-13 09:47:21] CREATE styles/index.06239c14d77802190262853241e6c86a6a0ab352.css: 0
[2015-03-13 09:47:36] EDIT Final/static/styles/index.06239c14d77802190262853241e6c86a6a0ab352.css: 21
[2015-03-13 09:48:06] EDIT Final/static/styles/index.06239c14d77802190262853241e6c86a6a0ab352.css.bak: 21
[2015-03-13 09:48:32] DELETE Final/static/styles/index.06239c14d77802190262853241e6c86a6a0ab352.css.bak.bak: 0
[2015-03-13 09:48:52] CREATE styles/mergedAssets.min.06239c14d77802190262853241e6c86a6a0ab352.js: 0
[2015-03-13 09:49:39] EDIT Final/static/styles/mergedAssets.min.06239c14d77802190262853241e6c86a6a0ab352.js: 51
[2015-03-13 09:50:40] EDIT Final/static/styles/mergedAssets.min.06239c14d77802190262853241e6c86a6a0ab352.js.bak: 51
[2015-03-13 09:56:57] EDIT Final/views/layout.html: -15
[2015-03-13 10:04:26] EDIT Final/models/tables.py: 1
[2015-03-13 10:10:15] EDIT Final/views/layout.html: -15
[2015-03-13 10:11:03] EDIT Final/views/layout.html: 1
[2015-03-13 10:11:12] EDIT Final/views/layout.html: 0
[2015-03-13 10:14:48] EDIT Final/views/layout.html: 0
[2015-03-13 10:15:45] EDIT Final/views/layout.html: 0
[2015-03-13 10:18:01] EDIT Final/views/default/mycal.html: 0
[2015-03-13 10:18:29] EDIT Final/views/default/mycal.html: 0
[2015-03-13 10:20:18] EDIT Final/controllers/default.py: 0
[2015-03-13 10:25:55] EDIT Final/views/layout.html: 15
[2015-03-13 11:07:07] EDIT Final/views/layout.html: 7
[2015-03-13 11:07:56] EDIT Final/views/layout.html: -7
[2015-03-13 11:13:20] EDIT Final/views/layout.html: 103
[2015-03-13 11:14:26] EDIT Final/views/layout.html: 0
[2015-03-13 11:15:11] EDIT Final/views/layout.html: 0
[2015-03-13 11:17:05] EDIT Final/views/layout.html: 0
[2015-03-13 11:24:52] EDIT Final/views/layout.html: -49
[2015-03-13 11:26:50] EDIT Final/views/layout.html: 20
[2015-03-13 11:27:40] EDIT Final/views/layout.html: -9
[2015-03-13 11:27:57] EDIT Final/views/layout.html: -14
[2015-03-13 11:28:24] EDIT Final/views/layout.html: 22
[2015-03-13 11:29:45] EDIT Final/views/layout.html: -73
[2015-03-13 11:29:50] EDIT Final/views/layout.html: 0
[2015-03-13 11:34:23] EDIT Final/views/layout.html: 0
[2015-03-13 11:34:38] EDIT Final/views/layout.html: 0
[2015-03-13 11:34:43] EDIT Final/views/layout.html: -1
[2015-03-13 11:35:00] EDIT Final/views/layout.html: 1
[2015-03-13 11:44:56] EDIT Final/views/layout.html: 37
[2015-03-13 11:46:10] EDIT Final/views/layout.html: -23
[2015-03-13 11:46:29] EDIT Final/views/layout.html: -14
[2015-03-13 11:59:04] EDIT Final/views/layout.html: 73
[2015-03-13 12:00:25] EDIT Final/views/layout.html: -21
[2015-03-13 12:00:45] EDIT Final/views/layout.html: -1
[2015-03-13 12:00:59] EDIT Final/views/layout.html: -1
[2015-03-13 12:02:46] EDIT Final/views/layout.html: -50
[2015-03-13 13:19:24] EDIT Final/views/layout.html: 0
[2015-03-13 13:39:06] EDIT Final/views/layout.html: 0
[2015-03-13 13:59:48] EDIT Final/views/layout.html: -1
[2015-03-13 14:14:29] EDIT Final/views/layout.html: 3
[2015-03-13 14:17:02] EDIT Final/views/layout.html: 0
[2015-03-13 14:25:50] EDIT Final/views/default/mycal.html: 0
[2015-03-13 14:25:56] EDIT Final/views/default/mycal.html: 0
[2015-03-13 14:26:16] EDIT Final/views/default/mycal.html: 0
[2015-03-13 14:28:48] EDIT Final/views/default/mycal.html: 3
[2015-03-13 14:30:13] EDIT Final/views/default/mycal.html: 0
[2015-03-13 14:30:39] EDIT Final/views/default/mycal.html: 0
[2015-03-13 14:31:18] EDIT Final/views/default/mycal.html: 0
[2015-03-13 14:37:51] EDIT Final/views/default/mycal.html: 0
[2015-03-13 14:37:52] EDIT Final/views/default/mycal.html: 0
[2015-03-13 14:40:29] EDIT Final/views/default/mycal.html: 0
[2015-03-13 14:40:41] EDIT Final/views/default/mycal.html: 0
[2015-03-13 14:44:05] EDIT Final/controllers/default.py: 1
[2015-03-13 14:45:35] EDIT Final/controllers/default.py: 0
[2015-03-13 17:52:27] EDIT Calender/views/layout.html: 0
[2015-03-13 17:53:23] EDIT Calender/views/layout.html: 0
[2015-03-13 17:54:03] EDIT Calender/views/layout.html: -1
[2015-03-13 17:54:04] EDIT Calender/views/layout.html: 0
[2015-03-13 18:24:12] CREATE layout2.html: 0
[2015-03-13 18:24:32] EDIT Calender/views/layout2.html: 157
[2015-03-13 18:25:02] EDIT Calender/views/default/mymap.html: 0
[2015-03-13 18:25:44] EDIT Calender/views/layout2.html: -1
[2015-03-13 18:37:26] EDIT Calender/views/default/mymap.html: -14
[2015-03-13 18:37:57] EDIT Calender/views/default/mymap.html: 0
[2015-03-15 01:05:41] EDIT backupup/views/default/index.html: 35
[2015-03-15 01:06:14] EDIT backupup/views/default/history.html: 0
[2015-03-15 01:06:53] EDIT backupup/views/default/events.html: -1
[2015-03-15 01:07:45] EDIT backupup/views/default/peopleAttending.html: 0
[2015-03-15 01:09:23] EDIT backupup/controllers/default.py: 0
[2015-03-15 01:09:47] EDIT backupup/controllers/default.py: 0
[2015-03-15 01:10:13] EDIT backupup/controllers/default.py: 1
[2015-03-15 01:10:37] EDIT backupup/controllers/default.py: 0
[2015-03-15 01:11:01] EDIT backupup/controllers/default.py: 0
[2015-03-15 01:12:30] EDIT backupup/controllers/default.py: 0
[2015-03-15 01:13:03] EDIT backupup/controllers/default.py: 0
[2015-03-15 01:14:09] EDIT backupup/views/default/mymap.html: 0
[2015-03-15 01:14:20] EDIT backupup/views/default/mymap.html: 0
[2015-03-15 01:14:51] EDIT backupup/views/default/mymap.html: 0
[2015-03-15 01:20:51] EDIT backupup/views/layout2.html: 4
[2015-03-15 01:21:14] EDIT backupup/views/layout2.html: 2
[2015-03-15 01:22:40] EDIT backupup/views/layout2.html: 4
[2015-03-15 01:23:41] EDIT backupup/views/layout2.html: 3
[2015-03-15 01:27:22] EDIT backupup/views/layout2.html: 0
[2015-03-15 10:37:19] EDIT backupup/views/layout2.html: 54
[2015-03-15 10:38:12] EDIT backupup/views/layout2.html: 0
[2015-03-15 10:39:01] EDIT backupup/views/layout2.html: 3
[2015-03-15 10:43:30] EDIT backupup/views/layout2.html: 0
[2015-03-15 11:06:45] EDIT backupup/views/default/index.html: 2
[2015-03-15 11:27:19] EDIT backupup/views/layout2.html: 3
[2015-03-15 11:44:43] EDIT backupup/views/layout2.html: 0
[2015-03-15 11:44:59] EDIT backupup/views/layout2.html: -1
[2015-03-15 12:23:04] EDIT backupup/views/layout2.html: 0
[2015-03-15 12:24:02] EDIT backupup/views/layout2.html: 0
[2015-03-15 12:27:54] EDIT backupup/views/layout2.html: 6
[2015-03-15 12:29:30] EDIT backupup/views/layout2.html: 0
[2015-03-15 12:30:18] EDIT backupup/views/layout2.html: 0
[2015-03-15 12:31:22] EDIT backupup/views/layout2.html: 0
[2015-03-15 12:32:23] EDIT backupup/views/layout2.html: 0
[2015-03-15 12:33:27] EDIT backupup/views/layout2.html: 0
[2015-03-15 12:33:50] EDIT backupup/views/layout2.html: 0
[2015-03-15 12:36:17] EDIT backupup/views/layout2.html: 0
[2015-03-15 12:37:42] EDIT backupup/views/layout2.html: 0
[2015-03-15 12:38:30] EDIT backupup/views/layout2.html: 0
[2015-03-15 12:39:05] EDIT backupup/views/layout2.html: 0
[2015-03-15 12:39:20] EDIT backupup/views/layout2.html: 0
[2015-03-15 12:39:57] EDIT backupup/views/layout2.html: 0
[2015-03-15 12:41:04] EDIT backupup/views/layout2.html: 0
[2015-03-15 12:42:54] EDIT backupup/views/layout2.html: -14
[2015-03-15 13:21:04] EDIT backupup/views/layout2.html: 41
[2015-03-15 13:22:21] EDIT backupup/views/layout2.html: 0
[2015-03-15 13:23:21] DELETE backupup/views/layout2.html.1: -166
[2015-03-15 13:25:21] EDIT backupup/views/layout2.html: 0
[2015-03-15 13:30:15] EDIT backupup/views/layout2.html: 1
[2015-03-15 13:31:43] EDIT backupup/views/layout2.html: -1
[2015-03-15 13:31:58] EDIT backupup/views/layout2.html: 0
[2015-03-15 13:32:10] EDIT backupup/views/layout2.html: 0
[2015-03-15 13:32:34] EDIT backupup/views/layout2.html: 0
[2015-03-15 13:35:52] EDIT backupup/views/layout2.html: 0
[2015-03-15 13:36:19] EDIT backupup/views/layout2.html: 0
[2015-03-15 13:37:53] EDIT backupup/views/layout2.html: 0
[2015-03-15 13:39:57] EDIT backupup/views/layout2.html: -22
[2015-03-15 13:40:46] EDIT backupup/views/layout2.html: 22
[2015-03-15 13:41:41] EDIT backupup/views/layout2.html: 0
[2015-03-15 13:42:32] EDIT backupup/views/layout2.html: 0
[2015-03-15 13:44:46] EDIT backupup/views/layout2.html: 1
[2015-03-15 13:50:00] EDIT backupup/views/layout2.html: 0
[2015-03-15 13:50:28] EDIT backupup/views/layout2.html: -8
[2015-03-15 13:51:46] EDIT backupup/views/layout2.html: 4
[2015-03-15 13:55:10] EDIT backupup/views/layout2.html: 3
[2015-03-15 13:55:34] EDIT backupup/views/layout2.html: 4
[2015-03-15 13:56:44] EDIT backupup/views/layout2.html: -22
[2015-03-15 13:58:26] EDIT backupup/views/layout2.html: 21
[2015-03-15 14:06:41] EDIT backupup/views/layout2.html: 0
[2015-03-15 14:08:02] EDIT backupup/views/layout2.html: -1
[2015-03-15 14:09:10] EDIT backupup/views/layout2.html: 0
[2015-03-15 14:10:59] EDIT backupup/views/layout2.html: -15
[2015-03-15 14:12:46] EDIT backupup/views/layout2.html: 0
[2015-03-15 14:15:27] EDIT backupup/views/layout2.html: 2
[2015-03-15 14:17:57] EDIT backupup/views/layout2.html: 6
[2015-03-15 14:18:44] EDIT backupup/views/layout2.html: -6
[2015-03-15 14:19:54] EDIT backupup/views/layout2.html: -1
[2015-03-15 14:21:39] EDIT backupup/views/layout2.html: -1
[2015-03-15 14:23:22] EDIT backupup/views/layout2.html: -2
[2015-03-15 14:24:14] EDIT backupup/views/layout2.html: 0
[2015-03-15 14:26:15] EDIT backupup/views/layout2.html: 0
[2015-03-15 14:26:53] EDIT backupup/views/layout2.html: 0
[2015-03-15 14:27:02] EDIT backupup/views/layout2.html: 0
[2015-03-15 14:27:54] EDIT backupup/views/layout2.html: 0
[2015-03-15 14:32:26] EDIT backupup/views/layout2.html: 0
[2015-03-15 14:33:10] EDIT backupup/views/layout2.html: 0
[2015-03-15 14:34:13] EDIT backupup/views/layout2.html: 0
[2015-03-15 14:34:40] EDIT backupup/views/layout2.html: 0
[2015-03-15 14:34:42] EDIT backupup/views/layout2.html: 0
[2015-03-15 14:34:53] EDIT backupup/views/layout2.html: 0
[2015-03-15 14:36:03] EDIT backupup/views/layout2.html: 0
[2015-03-16 01:50:08] DELETE ProjectMyEdit/controllers/plugin_google_chart.py: -29
[2015-03-16 01:50:11] DELETE ProjectMyEdit/views/plugin_google_chart/plugin_google_chart.load: -48
[2015-03-16 01:50:15] DELETE ProjectMyEdit/views/plugin_google_chart/plugin_return_data.html: -1
[2015-03-16 01:50:17] DELETE ProjectMyEdit/views/plugin_google_chart/plugin_return_data.json: -1
[2015-03-16 01:50:21] DELETE ProjectMyEdit/views/plugin_google_chart/plugin_usage_example.html: -20
[2015-03-16 10:01:52] CREATE default/rateEvent.html: 0
[2015-03-16 15:35:26] CREATE default/create.html: 0
[2015-03-16 15:35:40] EDIT CommunityConnect/views/default/create.html: -1
[2015-03-16 15:36:10] EDIT CommunityConnect/controllers/default.py: 10
[2015-03-16 15:36:12] EDIT CommunityConnect/views/default/create.html: 0
[2015-03-16 16:08:33] EDIT CommunityConnect/views/default/register.html: 0
[2015-03-16 16:11:20] EDIT CommunityConnect/views/default/index.html: 0
[2015-03-16 16:11:22] EDIT CommunityConnect/views/default/index.html: 0
[2015-03-16 16:12:28] EDIT CommunityConnect/controllers/default.py: 1
[2015-03-16 16:12:29] EDIT CommunityConnect/controllers/default.py: 0
[2015-03-16 16:16:26] EDIT CommunityConnect/views/default/mymap.html: 0
[2015-03-16 16:16:54] EDIT CommunityConnect/views/default/mycal.html: -2
[2015-03-16 16:23:13] EDIT CommunityConnect/controllers/default.py: 3
[2015-03-16 16:24:16] EDIT CommunityConnect/models/tables.py: 0
